\BOOKMARK [0][-]{chapter*.2}{\376\377\000W\000e\000l\000c\000o\000m\000e\000!}{}% 1
\BOOKMARK [0][-]{chapter*.4}{\376\377\000A\000b\000o\000u\000t\000\040\000t\000h\000i\000s\000\040\000M\000a\000n\000u\000a\000l}{}% 2
\BOOKMARK [0][-]{chapter*.5}{\376\377\000R\000e\000s\000e\000a\000r\000c\000h\000\040\000U\000s\000i\000n\000g\000\040\000A\000n\000i\000m\000a\000l\000s}{}% 3
\BOOKMARK [0][-]{chapter*.6}{\376\377\000E\000x\000p\000e\000c\000t\000a\000t\000i\000o\000n\000s}{}% 4
\BOOKMARK [1][-]{section*.7}{\376\377\000E\000v\000e\000r\000y\000o\000n\000e}{chapter*.6}% 5
\BOOKMARK [1][-]{section*.8}{\376\377\000P\000r\000i\000n\000c\000i\000p\000a\000l\000\040\000I\000n\000v\000e\000s\000t\000i\000g\000a\000t\000o\000r}{chapter*.6}% 6
\BOOKMARK [1][-]{section*.9}{\376\377\000G\000r\000a\000d\000u\000a\000t\000e\000\040\000S\000t\000u\000d\000e\000n\000t\000s}{chapter*.6}% 7
\BOOKMARK [1][-]{section*.10}{\376\377\000R\000e\000s\000e\000a\000r\000c\000h\000\040\000T\000e\000c\000h\000n\000i\000c\000i\000a\000n\000s}{chapter*.6}% 8
\BOOKMARK [1][-]{section*.11}{\376\377\000U\000n\000d\000e\000r\000g\000r\000a\000d\000u\000a\000t\000e\000s}{chapter*.6}% 9
\BOOKMARK [1][-]{section*.12}{\376\377\000C\000o\000d\000e\000\040\000o\000f\000\040\000C\000o\000n\000d\000u\000c\000t}{chapter*.6}% 10
\BOOKMARK [0][-]{chapter*.13}{\376\377\000L\000a\000b\000\040\000s\000p\000a\000c\000e}{}% 11
\BOOKMARK [1][-]{section*.14}{\376\377\000G\000e\000n\000e\000r\000a\000l\000\040\000e\000x\000p\000e\000c\000t\000a\000t\000i\000o\000n\000s}{chapter*.13}% 12
\BOOKMARK [1][-]{section*.15}{\376\377\000E\000x\000p\000e\000r\000i\000m\000e\000n\000t\000\040\000r\000o\000o\000m\000s}{chapter*.13}% 13
\BOOKMARK [1][-]{section*.16}{\376\377\000F\000i\000n\000e\000\040\000A\000s\000s\000e\000m\000b\000l\000y\000\040\000R\000o\000o\000m\000\040\000\050\000F\000A\000R\000\051}{chapter*.13}% 14
\BOOKMARK [1][-]{section*.17}{\376\377\000S\000u\000r\000g\000e\000r\000y\000\040\000a\000n\000d\000\040\000a\000n\000t\000e\000r\000o\000o\000m}{chapter*.13}% 15
\BOOKMARK [1][-]{section*.18}{\376\377\000W\000o\000r\000k\000s\000h\000o\000p}{chapter*.13}% 16
\BOOKMARK [1][-]{section*.19}{\376\377\000S\000h\000a\000r\000e\000d\000\040\000f\000a\000c\000i\000l\000i\000t\000i\000e\000s}{chapter*.13}% 17
\BOOKMARK [1][-]{section*.20}{\376\377\000V\000i\000v\000a\000r\000i\000u\000m\000\040\000s\000p\000a\000c\000e}{chapter*.13}% 18
\BOOKMARK [1][-]{section*.21}{\376\377\000O\000f\000f\000i\000c\000e\000s}{chapter*.13}% 19
\BOOKMARK [0][-]{chapter*.22}{\376\377\000D\000i\000g\000i\000t\000a\000l\000\040\000s\000p\000a\000c\000e}{}% 20
\BOOKMARK [1][-]{section*.23}{\376\377\000D\000r\000o\000p\000b\000o\000x\000,\000\040\000D\000r\000i\000v\000e\000,\000\040\000C\000a\000l\000e\000n\000d\000a\000r}{chapter*.22}% 21
\BOOKMARK [1][-]{section*.24}{\376\377\000G\000i\000t\000H\000u\000b}{chapter*.22}% 22
\BOOKMARK [1][-]{section*.25}{\376\377\000S\000l\000a\000c\000k}{chapter*.22}% 23
\BOOKMARK [1][-]{section*.26}{\376\377\000W\000i\000k\000i}{chapter*.22}% 24
\BOOKMARK [1][-]{section*.27}{\376\377\000M\000a\000i\000l\000i\000n\000g\000\040\000l\000i\000s\000t}{chapter*.22}% 25
\BOOKMARK [0][-]{chapter*.28}{\376\377\000C\000o\000m\000p\000u\000t\000i\000n\000g}{}% 26
\BOOKMARK [1][-]{section*.29}{\376\377\000L\000a\000b\000\040\000c\000o\000m\000p\000u\000t\000e\000r\000s}{chapter*.28}% 27
\BOOKMARK [1][-]{section*.33}{\376\377\000S\000k\000i\000l\000l\000s}{chapter*.28}% 28
\BOOKMARK [0][-]{chapter*.34}{\376\377\000D\000a\000t\000a\000\040\000m\000a\000n\000a\000g\000e\000m\000e\000n\000t}{}% 29
\BOOKMARK [1][-]{section*.35}{\376\377\000D\000a\000t\000a\000\040\000s\000t\000o\000r\000a\000g\000e}{chapter*.34}% 30
\BOOKMARK [1][-]{section*.36}{\376\377\000D\000a\000t\000a\000\040\000p\000r\000o\000m\000o\000t\000i\000o\000n}{chapter*.34}% 31
\BOOKMARK [1][-]{section*.37}{\376\377\000D\000a\000t\000a\000\040\000u\000s\000e\000\040\000c\000a\000s\000e\000s}{chapter*.34}% 32
\BOOKMARK [0][-]{chapter*.38}{\376\377\000A\000n\000i\000m\000a\000l\000\040\000c\000a\000r\000e\000\040\000a\000n\000d\000\040\000r\000e\000c\000o\000r\000d\000k\000e\000e\000p\000i\000n\000g}{}% 33
\BOOKMARK [1][-]{section*.39}{\376\377\000A\000n\000i\000m\000a\000l\000\040\000o\000w\000n\000e\000r\000s\000h\000i\000p\000\040\000a\000n\000d\000\040\000r\000e\000s\000p\000o\000n\000s\000i\000b\000i\000l\000i\000t\000y}{chapter*.38}% 34
\BOOKMARK [0][-]{chapter*.40}{\376\377\000P\000B\000S\000\040\000a\000n\000d\000\040\000D\000a\000r\000t\000m\000o\000u\000t\000h}{}% 35
\BOOKMARK [1][-]{section*.41}{\376\377\000T\000r\000a\000i\000n\000i\000n\000g\000\040\000r\000e\000q\000u\000i\000r\000e\000d\000\040\000b\000y\000\040\000D\000a\000r\000t\000m\000o\000u\000t\000h}{chapter*.40}% 36
\BOOKMARK [1][-]{section*.42}{\376\377\000I\000m\000p\000o\000r\000t\000a\000n\000t\000\040\000p\000e\000o\000p\000l\000e\000\040\000a\000n\000d\000\040\000c\000o\000n\000t\000a\000c\000t\000\040\000i\000n\000f\000o}{chapter*.40}% 37
\BOOKMARK [1][-]{section*.43}{\376\377\000D\000a\000r\000t\000m\000o\000u\000t\000h\000\040\000r\000e\000s\000o\000u\000r\000c\000e\000s}{chapter*.40}% 38
\BOOKMARK [0][-]{chapter*.44}{\376\377\000B\000e\000y\000o\000n\000d\000\040\000t\000h\000e\000\040\000l\000a\000b}{}% 39
\BOOKMARK [0][-]{chapter*.45}{\376\377\000A\000p\000p\000e\000n\000d\000i\000x\000:\000\040\000S\000u\000b\000j\000e\000c\000t\000\040\000e\000m\000a\000i\000l\000\040\000f\000o\000r\000m\000a\000t\000\040\000t\000e\000m\000p\000l\000a\000t\000e}{}% 40
\BOOKMARK [0][-]{chapter*.46}{\376\377\000A\000p\000p\000e\000n\000d\000i\000x\000:\000\040\000Y\000e\000a\000r\000l\000y\000\040\000e\000v\000a\000l\000u\000a\000t\000i\000o\000n\000\040\000f\000o\000r\000m\000s}{}% 41
\BOOKMARK [0][-]{chapter*.47}{\376\377\000B\000i\000b\000l\000i\000o\000g\000r\000a\000p\000h\000y}{}% 42
